[debug] [2023-02-24T14:20:46.987Z] ----------------------------------------------------------------------
[debug] [2023-02-24T14:20:46.989Z] Command:       C:\Program Files\nodejs\node.exe C:\Users\liamc\AppData\Roaming\npm\node_modules\firebase-tools\lib\bin\firebase.js init
[debug] [2023-02-24T14:20:46.990Z] CLI Version:   11.23.1
[debug] [2023-02-24T14:20:46.990Z] Platform:      win32
[debug] [2023-02-24T14:20:46.990Z] Node Version:  v18.12.1
[debug] [2023-02-24T14:20:46.994Z] Time:          Fri Feb 24 2023 19:50:46 GMT+0530 (India Standard Time)
[debug] [2023-02-24T14:20:46.994Z] ----------------------------------------------------------------------
[debug] 
[debug] [2023-02-24T14:20:47.064Z] > command requires scopes: ["email","openid","https://www.googleapis.com/auth/cloudplatformprojects.readonly","https://www.googleapis.com/auth/firebase","https://www.googleapis.com/auth/cloud-platform"]
[debug] [2023-02-24T14:20:47.065Z] > authorizing via signed-in user (riyachatterjee403@gmail.com)
[info] 
     ######## #### ########  ######## ########     ###     ######  ########
     ##        ##  ##     ## ##       ##     ##  ##   ##  ##       ##
     ######    ##  ########  ######   ########  #########  ######  ######
     ##        ##  ##    ##  ##       ##     ## ##     ##       ## ##
     ##       #### ##     ## ######## ########  ##     ##  ######  ########

You're about to initialize a Firebase project in this directory:

  C:\Users\liamc\OneDrive\Desktop\Assignment

Before we get started, keep in mind:

  * You are initializing within an existing Firebase project directory

[info] 
=== Project Setup
[info] 
[info] First, let's associate this project directory with a Firebase project.
[info] You can create multiple project aliases by running firebase use --add, 
[info] but for now we'll just set up a default project.
[info] 
[debug] [2023-02-24T14:20:55.125Z] Using project from CLI flag: deployment-cd3ae
[debug] [2023-02-24T14:20:55.132Z] > refreshing access token with scopes: []
[debug] [2023-02-24T14:20:55.134Z] >>> [apiv2][query] POST https://www.googleapis.com/oauth2/v3/token [none]
[debug] [2023-02-24T14:20:55.134Z] >>> [apiv2][body] POST https://www.googleapis.com/oauth2/v3/token [omitted]
[debug] [2023-02-24T14:20:55.568Z] <<< [apiv2][status] POST https://www.googleapis.com/oauth2/v3/token 200
[debug] [2023-02-24T14:20:55.568Z] <<< [apiv2][body] POST https://www.googleapis.com/oauth2/v3/token [omitted]
[debug] [2023-02-24T14:20:55.577Z] >>> [apiv2][query] GET https://firebase.googleapis.com/v1beta1/projects/deployment-cd3ae [none]
[debug] [2023-02-24T14:20:56.259Z] <<< [apiv2][status] GET https://firebase.googleapis.com/v1beta1/projects/deployment-cd3ae 200
[debug] [2023-02-24T14:20:56.260Z] <<< [apiv2][body] GET https://firebase.googleapis.com/v1beta1/projects/deployment-cd3ae {"projectId":"deployment-cd3ae","projectNumber":"745873777774","displayName":"deployment","name":"projects/deployment-cd3ae","resources":{"hostingSite":"deployment-cd3ae"},"state":"ACTIVE","etag":"1_ccbf8be3-20e8-494a-a442-87c1b725cb83"}
[info] i  Using project deployment-cd3ae (deployment) 
[info] 
=== Hosting Setup
[info] 
[info] Your public directory is the folder (relative to your project directory) that
[info] will contain Hosting assets to be uploaded with firebase deploy. If you
[info] have a build process for your assets, use your build's output directory.
[info] 
